Post Processor Report
OrCAD FILE: C:\DOCUMENTS AND SETTINGS\ANNA\DESKTOP\H34MOTE\H34MOTE\COPY OF H34MOTE-11.MAX
Mon Jul 03 16:25:42 2006

*********************************************************

Output file: C:\DOCUMENTS AND SETTINGS\ANNA\DESKTOP\H34MOTE\H34MOTE\COPY OF H34MOTE-11.TOP

Aperture totals for C:\DOCUMENTS AND SETTINGS\ANNA\DESKTOP\H34MOTE\H34MOTE\COPY OF H34MOTE-11.TOP:
---------------------------------------------------------
D10:  0.0320 x 0.0380 RECTANGLE -----      16 Flashes
D11:  0.0472 ROUND  --       0 Draws,       3 Flashes
D12:  0.0354 x 0.1141 RECTANGLE -----       2 Flashes
D13:  0.0157 x 0.0708 RECTANGLE -----      51 Flashes
D14:  0.0620 ROUND  --       0 Draws,       6 Flashes
D15:  0.0620 SQUARE --       0 Draws,       3 Flashes
D16:  0.0400 ROUND  --       0 Draws,       2 Flashes
D17:  0.1750 ROUND  --       0 Draws,       2 Flashes
D18:  0.0106 x 0.0315 RECTANGLE -----       4 Flashes
D19:  0.0106 x 0.0374 RECTANGLE -----       8 Flashes
D20:  0.0315 x 0.0106 RECTANGLE -----       4 Flashes
D21:  0.0374 x 0.0106 RECTANGLE -----       3 Flashes
D22:  0.0492 x 0.0106 RECTANGLE -----       1 Flashes
D23:  0.0280 ROUND  --       0 Draws,      78 Flashes
D24:  0.0100 ROUND  --     830 Draws,       0 Flashes
D25:  0.0080 ROUND  --     201 Draws,       0 Flashes
D26:  0.0120 ROUND  --      19 Draws,       0 Flashes
D27:  0.0280 ROUND  --       0 Draws,       3 Flashes
---------------------------------------------------------
 18 D-Codes      -----    1050 Draws,     186 Flashes

*********************************************************

Output file: C:\DOCUMENTS AND SETTINGS\ANNA\DESKTOP\H34MOTE\H34MOTE\COPY OF H34MOTE-11.BOT

Aperture totals for C:\DOCUMENTS AND SETTINGS\ANNA\DESKTOP\H34MOTE\H34MOTE\COPY OF H34MOTE-11.BOT:
---------------------------------------------------------
D24:  0.0100 ROUND  --    1050 Draws,       0 Flashes
D25:  0.0080 ROUND  --     145 Draws,       0 Flashes
D26:  0.0120 ROUND  --      15 Draws,       0 Flashes
D27:  0.0280 ROUND  --       0 Draws,       3 Flashes
D28:  0.0320 x 0.0380 RECTANGLE -----       2 Flashes
D29:  0.0472 ROUND  --       0 Draws,       3 Flashes
D30:  0.0620 ROUND  --       0 Draws,       6 Flashes
D31:  0.0620 SQUARE --       0 Draws,       3 Flashes
D32:  0.1750 ROUND  --       0 Draws,       2 Flashes
D33:  0.0354 x 0.1141 RECTANGLE -----       2 Flashes
D34:  0.0157 x 0.0708 RECTANGLE -----      51 Flashes
D35:  0.0280 ROUND  --       0 Draws,      78 Flashes
---------------------------------------------------------
 12 D-Codes      -----    1210 Draws,     150 Flashes

*********************************************************

Output file: C:\DOCUMENTS AND SETTINGS\ANNA\DESKTOP\H34MOTE\H34MOTE\COPY OF H34MOTE-11.GND

Aperture totals for C:\DOCUMENTS AND SETTINGS\ANNA\DESKTOP\H34MOTE\H34MOTE\COPY OF H34MOTE-11.GND:
---------------------------------------------------------
D11:  0.0472 ROUND  --       0 Draws,       2 Flashes
D17:  0.1750 ROUND  --       0 Draws,       2 Flashes
D36:  0.0820 ROUND  --       0 Draws,       6 Flashes
D37:  0.0820 SQUARE --       0 Draws,       3 Flashes
D38:  0.0866 ROUND  --       0 Draws,       2 Flashes
D39:  0.0140 OD, 0.0120 ID THERMAL --      16 Flashes
D40:  0.0450 ROUND  --       0 Draws,      62 Flashes
D41:  0.0300 ROUND  --       4 Draws,       0 Flashes
D42:  0.0450 ROUND  --       0 Draws,       3 Flashes
---------------------------------------------------------
  9 D-Codes      -----       4 Draws,      96 Flashes

*********************************************************

Output file: C:\DOCUMENTS AND SETTINGS\ANNA\DESKTOP\H34MOTE\H34MOTE\COPY OF H34MOTE-11.PWR

Aperture totals for C:\DOCUMENTS AND SETTINGS\ANNA\DESKTOP\H34MOTE\H34MOTE\COPY OF H34MOTE-11.PWR:
---------------------------------------------------------
D17:  0.1750 ROUND  --       0 Draws,       2 Flashes
D24:  0.0100 ROUND  --       6 Draws,       0 Flashes
D38:  0.0866 ROUND  --       0 Draws,       2 Flashes
D39:  0.0140 OD, 0.0120 ID THERMAL --       7 Flashes
D40:  0.0450 ROUND  --       0 Draws,      71 Flashes
D41:  0.0300 ROUND  --       4 Draws,       0 Flashes
D42:  0.0450 ROUND  --       0 Draws,       2 Flashes
D43:  0.0472 ROUND  --       0 Draws,       2 Flashes
D44:  0.0820 ROUND  --       0 Draws,       6 Flashes
D45:  0.0820 SQUARE --       0 Draws,       2 Flashes
D46:  0.1160 OD, 0.0920 ID THERMAL --       1 Flashes
D47:  0.0140 OD, 0.0120 ID THERMAL --       1 Flashes
---------------------------------------------------------
 12 D-Codes      -----      10 Draws,      96 Flashes

*********************************************************

Output file: C:\DOCUMENTS AND SETTINGS\ANNA\DESKTOP\H34MOTE\H34MOTE\COPY OF H34MOTE-11.OTL

Aperture totals for C:\DOCUMENTS AND SETTINGS\ANNA\DESKTOP\H34MOTE\H34MOTE\COPY OF H34MOTE-11.OTL:
---------------------------------------------------------
D48:  0.0472 ROUND  --       0 Draws,       2 Flashes
D49:  0.0010 ROUND  --       4 Draws,       0 Flashes
---------------------------------------------------------
  2 D-Codes      -----       4 Draws,       2 Flashes

*********************************************************

Output file: C:\DOCUMENTS AND SETTINGS\ANNA\DESKTOP\H34MOTE\H34MOTE\COPY OF H34MOTE-11.SMT

Aperture totals for C:\DOCUMENTS AND SETTINGS\ANNA\DESKTOP\H34MOTE\H34MOTE\COPY OF H34MOTE-11.SMT:
---------------------------------------------------------
D50:  0.0320 x 0.0380 RECTANGLE -----      16 Flashes
D51:  0.0472 ROUND  --       0 Draws,       3 Flashes
D52:  0.0354 x 0.1142 RECTANGLE -----       2 Flashes
D53:  0.0157 x 0.0708 RECTANGLE -----      51 Flashes
D54:  0.0620 ROUND  --       0 Draws,       6 Flashes
D55:  0.0620 SQUARE --       0 Draws,       3 Flashes
D56:  0.0420 ROUND  --       0 Draws,       2 Flashes
D57:  0.1750 ROUND  --       0 Draws,       2 Flashes
D58:  0.0106 x 0.0315 RECTANGLE -----       4 Flashes
D59:  0.0106 x 0.0374 RECTANGLE -----       8 Flashes
D60:  0.0315 x 0.0106 RECTANGLE -----       4 Flashes
D61:  0.0374 x 0.0106 RECTANGLE -----       3 Flashes
D62:  0.0492 x 0.0106 RECTANGLE -----       1 Flashes
---------------------------------------------------------
 13 D-Codes      -----       0 Draws,     105 Flashes

*********************************************************

Output file: C:\DOCUMENTS AND SETTINGS\ANNA\DESKTOP\H34MOTE\H34MOTE\COPY OF H34MOTE-11.SMB

Aperture totals for C:\DOCUMENTS AND SETTINGS\ANNA\DESKTOP\H34MOTE\H34MOTE\COPY OF H34MOTE-11.SMB:
---------------------------------------------------------
D28:  0.0320 x 0.0380 RECTANGLE -----       2 Flashes
D29:  0.0472 ROUND  --       0 Draws,       3 Flashes
D30:  0.0620 ROUND  --       0 Draws,       6 Flashes
D31:  0.0620 SQUARE --       0 Draws,       3 Flashes
D32:  0.1750 ROUND  --       0 Draws,       2 Flashes
D34:  0.0157 x 0.0708 RECTANGLE -----      51 Flashes
D63:  0.0354 x 0.1142 RECTANGLE -----       2 Flashes
---------------------------------------------------------
  7 D-Codes      -----       0 Draws,      69 Flashes

*********************************************************

Output file: C:\DOCUMENTS AND SETTINGS\ANNA\DESKTOP\H34MOTE\H34MOTE\COPY OF H34MOTE-11.SPT

Aperture totals for C:\DOCUMENTS AND SETTINGS\ANNA\DESKTOP\H34MOTE\H34MOTE\COPY OF H34MOTE-11.SPT:
---------------------------------------------------------
D28:  0.0320 x 0.0380 RECTANGLE -----      16 Flashes
D34:  0.0157 x 0.0708 RECTANGLE -----      51 Flashes
D63:  0.0354 x 0.1142 RECTANGLE -----       2 Flashes
D64:  0.0106 x 0.0315 RECTANGLE -----       4 Flashes
D65:  0.0106 x 0.0374 RECTANGLE -----       8 Flashes
D66:  0.0315 x 0.0106 RECTANGLE -----       4 Flashes
D67:  0.0374 x 0.0106 RECTANGLE -----       3 Flashes
D68:  0.0492 x 0.0106 RECTANGLE -----       1 Flashes
---------------------------------------------------------
  8 D-Codes      -----       0 Draws,      89 Flashes

*********************************************************

Output file: C:\DOCUMENTS AND SETTINGS\ANNA\DESKTOP\H34MOTE\H34MOTE\COPY OF H34MOTE-11.SPB

Aperture totals for C:\DOCUMENTS AND SETTINGS\ANNA\DESKTOP\H34MOTE\H34MOTE\COPY OF H34MOTE-11.SPB:
---------------------------------------------------------
D28:  0.0320 x 0.0380 RECTANGLE -----       2 Flashes
D34:  0.0157 x 0.0708 RECTANGLE -----      51 Flashes
D63:  0.0354 x 0.1142 RECTANGLE -----       2 Flashes
---------------------------------------------------------
  3 D-Codes      -----       0 Draws,      55 Flashes

*********************************************************

Output file: C:\DOCUMENTS AND SETTINGS\ANNA\DESKTOP\H34MOTE\H34MOTE\COPY OF H34MOTE-11.SST

Aperture totals for C:\DOCUMENTS AND SETTINGS\ANNA\DESKTOP\H34MOTE\H34MOTE\COPY OF H34MOTE-11.SST:
---------------------------------------------------------
D25:  0.0080 ROUND  --      27 Draws,       0 Flashes
D69:  0.0060 ROUND  --      32 Draws,       0 Flashes
D70:  0.0070 ROUND  --     381 Draws,       0 Flashes
---------------------------------------------------------
  3 D-Codes      -----     440 Draws,       0 Flashes

*********************************************************

Output file: C:\DOCUMENTS AND SETTINGS\ANNA\DESKTOP\H34MOTE\H34MOTE\COPY OF H34MOTE-11.SSB

Aperture totals for C:\DOCUMENTS AND SETTINGS\ANNA\DESKTOP\H34MOTE\H34MOTE\COPY OF H34MOTE-11.SSB:
---------------------------------------------------------
D69:  0.0060 ROUND  --       4 Draws,       0 Flashes
D70:  0.0070 ROUND  --      36 Draws,       0 Flashes
---------------------------------------------------------
  2 D-Codes      -----      40 Draws,       0 Flashes


*********************************************************

Aperture totals for entire project:
---------------------------------------------------------
D10:  0.0320 x 0.0380 RECTANGLE -----      16 Flashes
D11:  0.0472 ROUND  --       0 Draws,       5 Flashes
D12:  0.0354 x 0.1141 RECTANGLE -----       2 Flashes
D13:  0.0157 x 0.0708 RECTANGLE -----      51 Flashes
D14:  0.0620 ROUND  --       0 Draws,       6 Flashes
D15:  0.0620 SQUARE --       0 Draws,       3 Flashes
D16:  0.0400 ROUND  --       0 Draws,       2 Flashes
D17:  0.1750 ROUND  --       0 Draws,       6 Flashes
D18:  0.0106 x 0.0315 RECTANGLE -----       4 Flashes
D19:  0.0106 x 0.0374 RECTANGLE -----       8 Flashes
D20:  0.0315 x 0.0106 RECTANGLE -----       4 Flashes
D21:  0.0374 x 0.0106 RECTANGLE -----       3 Flashes
D22:  0.0492 x 0.0106 RECTANGLE -----       1 Flashes
D23:  0.0280 ROUND  --       0 Draws,      78 Flashes
D24:  0.0100 ROUND  --    1886 Draws,       0 Flashes
D25:  0.0080 ROUND  --     373 Draws,       0 Flashes
D26:  0.0120 ROUND  --      34 Draws,       0 Flashes
D27:  0.0280 ROUND  --       0 Draws,       6 Flashes
D28:  0.0320 x 0.0380 RECTANGLE -----      22 Flashes
D29:  0.0472 ROUND  --       0 Draws,       6 Flashes
D30:  0.0620 ROUND  --       0 Draws,      12 Flashes
D31:  0.0620 SQUARE --       0 Draws,       6 Flashes
D32:  0.1750 ROUND  --       0 Draws,       4 Flashes
D33:  0.0354 x 0.1141 RECTANGLE -----       2 Flashes
D34:  0.0157 x 0.0708 RECTANGLE -----     204 Flashes
D35:  0.0280 ROUND  --       0 Draws,      78 Flashes
D36:  0.0820 ROUND  --       0 Draws,       6 Flashes
D37:  0.0820 SQUARE --       0 Draws,       3 Flashes
D38:  0.0866 ROUND  --       0 Draws,       4 Flashes
D39:  0.0140 OD, 0.0120 ID THERMAL --      23 Flashes
D40:  0.0450 ROUND  --       0 Draws,     133 Flashes
D41:  0.0300 ROUND  --       8 Draws,       0 Flashes
D42:  0.0450 ROUND  --       0 Draws,       5 Flashes
D43:  0.0472 ROUND  --       0 Draws,       2 Flashes
D44:  0.0820 ROUND  --       0 Draws,       6 Flashes
D45:  0.0820 SQUARE --       0 Draws,       2 Flashes
D46:  0.1160 OD, 0.0920 ID THERMAL --       1 Flashes
D47:  0.0140 OD, 0.0120 ID THERMAL --       1 Flashes
D48:  0.0472 ROUND  --       0 Draws,       2 Flashes
D49:  0.0010 ROUND  --       4 Draws,       0 Flashes
D50:  0.0320 x 0.0380 RECTANGLE -----      16 Flashes
D51:  0.0472 ROUND  --       0 Draws,       3 Flashes
D52:  0.0354 x 0.1142 RECTANGLE -----       2 Flashes
D53:  0.0157 x 0.0708 RECTANGLE -----      51 Flashes
D54:  0.0620 ROUND  --       0 Draws,       6 Flashes
D55:  0.0620 SQUARE --       0 Draws,       3 Flashes
D56:  0.0420 ROUND  --       0 Draws,       2 Flashes
D57:  0.1750 ROUND  --       0 Draws,       2 Flashes
D58:  0.0106 x 0.0315 RECTANGLE -----       4 Flashes
D59:  0.0106 x 0.0374 RECTANGLE -----       8 Flashes
D60:  0.0315 x 0.0106 RECTANGLE -----       4 Flashes
D61:  0.0374 x 0.0106 RECTANGLE -----       3 Flashes
D62:  0.0492 x 0.0106 RECTANGLE -----       1 Flashes
D63:  0.0354 x 0.1142 RECTANGLE -----       6 Flashes
D64:  0.0106 x 0.0315 RECTANGLE -----       4 Flashes
D65:  0.0106 x 0.0374 RECTANGLE -----       8 Flashes
D66:  0.0315 x 0.0106 RECTANGLE -----       4 Flashes
D67:  0.0374 x 0.0106 RECTANGLE -----       3 Flashes
D68:  0.0492 x 0.0106 RECTANGLE -----       1 Flashes
D69:  0.0060 ROUND  --      36 Draws,       0 Flashes
D70:  0.0070 ROUND  --     417 Draws,       0 Flashes
---------------------------------------------------------
 61 D-Codes      -----    2758 Draws,     848 Flashes


No warnings or errors.
