AutoECO Report
FILE-A: C:\DOCUMENTS AND SETTINGS\ANNAD\DESKTOP\H34MOTE\H34MOTE\COPY OF H34MOTE-12.MAX
FILE-B: C:\DOCUMENTS AND SETTINGS\ANNAD\DESKTOP\H34MOTE\H34MOTE\H34MOTE4.MNL
If "*EOF*" immediately follows, no changes were made
Adding footprint PINARRAY_H34_8
Adding package 8_HEADER
Adding component J11
ERROR: Component J9 (with fp NESL/TESTPOINT_0.040/SM_J9) has no pin 3
ERROR: Component J9 (with fp NESL/TESTPOINT_0.040/SM_J9) has no pin 2
Adding J11.1 to net 0
Adding J11.7 to net ADC2
Adding J11.8 to net ADC3
Adding J11.6 to net N514343
Adding J11.3 to net STBYB
Deleting J10.1 from net TOUT
Adding J11.5 to net TOUT
Adding J11.2 to net VCC
Deleting J9.1 from net ZEROG
Adding J11.4 to net ZEROG
Deleting component J10
*EOF*
2 errors found
