AutoECO Report
FILE-A: C:\DOCUMENTS AND SETTINGS\ANNA\DESKTOP\H34MOTE\H34MOTE\H34MOTE-9.MAX
FILE-B: C:\DOCUMENTS AND SETTINGS\ANNA\DESKTOP\H34MOTE\H34MOTE\H34MOTE.MNL
If "*EOF*" immediately follows, no changes were made
Component C3 -- overriding attributes
Component J10 -- overriding attributes
Component C4 -- overriding attributes
Component J6 -- overriding attributes
Component C5 -- overriding attributes
Component C7 -- overriding attributes
Component J8 -- overriding attributes
Component U1 -- overriding attributes
Component J4 -- overriding attributes
Component C10 -- overriding attributes
Component L1 -- overriding attributes
Component C6 -- overriding attributes
Component C9 -- overriding attributes
Component MOTE1 -- overriding attributes
Component J7 -- overriding attributes
Component C11 -- overriding attributes
Component C2 -- overriding attributes
Component J9 -- overriding attributes
Net RSTN -- overriding attributes
Net PW2 -- overriding attributes
Net ADC5 -- overriding attributes
Net WR -- overriding attributes
Net VSNSR -- overriding attributes
Net ADC6 -- overriding attributes
Net ADC2 -- overriding attributes
Net ADC0 -- overriding attributes
Net PWM1B -- overriding attributes
Net THRU2 -- overriding attributes
Net ADC3 -- overriding attributes
Net UART_RXD0 -- overriding attributes
Net INT3 -- overriding attributes
Net ADC1 -- overriding attributes
Net SPI_SCK -- overriding attributes
Net PROG_MISO -- overriding attributes
Net PW0 -- overriding attributes
Net ADC4 -- overriding attributes
Net THERM_PWR -- overriding attributes
Net INT1 -- overriding attributes
Net LED2 -- overriding attributes
Net PW6 -- overriding attributes
Net AC- -- overriding attributes
Net THRU3 -- overriding attributes
Net DQ -- overriding attributes
Net PW5 -- overriding attributes
Net ALE -- overriding attributes
Net BAT_MON -- overriding attributes
Net PWM1A -- overriding attributes
Net THRU1 -- overriding attributes
Net PW3 -- overriding attributes
Net ADC7 -- overriding attributes
Net INT2 -- overriding attributes
Net USART1_TXD -- overriding attributes
Net LBO -- overriding attributes
Net PW1 -- overriding attributes
Net LED1 -- overriding attributes
Net AC+ -- overriding attributes
Net USART1_RXD -- overriding attributes
Net I2C_CLK -- overriding attributes
Net RD -- overriding attributes
Net INT0 -- overriding attributes
Net UART_TXD0 -- overriding attributes
Net LED3 -- overriding attributes
Net I2C_DATA -- overriding attributes
Net STBYB -- overriding attributes
Net PW4 -- overriding attributes
Net VCC -- overriding attributes
Net USART1_CLK -- overriding attributes
Net VREF -- overriding attributes
Net PROG_MISI -- overriding attributes
Net 0 -- overriding attributes
Net N514343 -- overriding attributes
Net ZEROG -- overriding attributes
Net TOUT -- overriding attributes
Net AVCC -- overriding attributes
Deleting C10.2 from net 0
Adding C10.1 to net 0
Deleting C10.1 from net VCC
Adding C10.2 to net VSNSR
*EOF*
No errors found
