AutoECO Report
FILE-A: C:\DOCUMENTS AND SETTINGS\ANNAD\DESKTOP\H34MOTE\H34MOTE\COPY OF H34MOTE-12.MAX
FILE-B: C:\DOCUMENTS AND SETTINGS\ANNAD\DESKTOP\H34MOTE\H34MOTE\H34MOTE4.MNL
If "*EOF*" immediately follows, no changes were made
Adding footprint BLKCON.100/RH/TM1SQS/W.350/2
Adding footprint PINARRAY_H34_8
Adding package HEADER_2
Adding package 8_HEADER
Adding component J11
ERROR: Component J10 (with fp NESL/TESTPOINT_0.040/SM_J10) has no pin 2
Adding J11.5 to net 0
Adding J11.7 to net ADC2
Adding J11.8 to net ADC3
Adding J10.1 to net ADC7
Adding J11.6 to net N514343
Adding J11.3 to net STBYB
Deleting J10.1 from net TOUT
Adding J11.2 to net TOUT
Adding J11.1 to net VCC
Deleting J9.1 from net ZEROG
Adding J11.4 to net ZEROG
Deleting component J9
*EOF*
1 error found
