AutoECO Error Report
FILE-A: C:\DOCUMENTS AND SETTINGS\ANNAD\DESKTOP\ROOMBA\ARC_2BIT.MAX
FILE-B: C:\DOCUMENTS AND SETTINGS\ANNAD\DESKTOP\H34MOTE\H34MOTE\H34MOTE.MNL
ERROR: Component U1 (with fp U1_U1) has no pin 12
ERROR: Component U1 (with fp U1_U1) has no pin 1
ERROR: Component U1 (with fp U1_U1) has no pin 18
ERROR: Component U1 (with fp U1_U1) has no pin 5
ERROR: Component U1 (with fp U1_U1) has no pin 15
ERROR: Component U1 (with fp U1_U1) has no pin 20
ERROR: Component U1 (with fp U1_U1) has no pin 19
ERROR: Component U1 (with fp U1_U1) has no pin 17
ERROR: Component U1 (with fp U1_U1) has no pin 16
ERROR: Component U1 (with fp U1_U1) has no pin 2
ERROR: Component U1 (with fp U1_U1) has no pin 11
ERROR: Component U1 (with fp U1_U1) has no pin 13
ERROR: Component U1 (with fp U1_U1) has no pin 14
ERROR: Component U1 (with fp U1_U1) has no pin 10
ERROR: Component U1 (with fp U1_U1) has no pin 3
ERROR: Component U1 (with fp U1_U1) has no pin 4
16 errors found
