Thu Nov 02 18:51:35 Log file reset
Thu Nov 02 18:51:35 Loaded file BACKUP0.MAX
Thu Nov 02 18:51:55 Loaded file C:\Cadence\PSD_15.1\tools\Layout_Plus\data\template.imp
Thu Nov 02 18:51:55 Loaded file C:\Cadence\PSD_15.1\tools\Layout_Plus\data\template.imp
Thu Nov 02 18:51:55 Error code 0037.464 (343)
Thu Nov 02 18:51:55 Saved as file Backup0.max
Thu Nov 02 18:51:55 Windows which were open at time of error:
Thu Nov 02 18:51:55 	ActiveWindow: &Design
Thu Nov 02 18:51:55 	Icon: &Components
Thu Nov 02 18:51:55 	Icon: &Nets
Thu Nov 02 18:51:55 	Icon: Post Proces&s
Thu Nov 02 18:51:55 End-of-list
Thu Nov 02 18:51:55 Loaded file BACKUP0.MAX
Thu Nov 02 18:54:06 Loaded file C:\Cadence\PSD_15.1\tools\Layout_Plus\data\template.imp
Thu Nov 02 18:54:06 Loaded file C:\Cadence\PSD_15.1\tools\Layout_Plus\data\template.imp
Thu Nov 02 18:54:06 Error code 0037.464 (343)
Thu Nov 02 18:54:06 Saved as file Backup0.max
Thu Nov 02 18:54:06 Windows which were open at time of error:
Thu Nov 02 18:54:06 	ActiveWindow: &Design
Thu Nov 02 18:54:06 	Icon: &Components
Thu Nov 02 18:54:06 	Icon: &Nets
Thu Nov 02 18:54:06 	Icon: Post Proces&s
Thu Nov 02 18:54:06 End-of-list
Thu Nov 02 18:54:07 Loaded file BACKUP0.MAX
Thu Nov 02 18:55:35 Loaded file C:\Cadence\PSD_15.1\tools\Layout_Plus\library\padstack.llb
Thu Nov 02 18:55:55 Loaded file C:\Cadence\PSD_15.1\tools\Layout_Plus\library\padstack.llb
Thu Nov 02 18:56:29 Loaded file C:\Cadence\PSD_15.1\tools\Layout_Plus\library\padstack.llb
Thu Nov 02 18:56:34 Loaded file C:\Cadence\PSD_15.1\tools\Layout_Plus\library\padstack.llb
Thu Nov 02 18:56:38 Loaded file C:\Cadence\PSD_15.1\tools\Layout_Plus\library\padstack.llb
Thu Nov 02 18:58:37 Loaded file C:\Cadence\PSD_15.1\tools\Layout_Plus\library\padstack.llb
Thu Nov 02 18:58:52 Loaded file C:\Cadence\PSD_15.1\tools\Layout_Plus\library\padstack.llb
Thu Nov 02 18:59:44 Loaded file C:\Cadence\PSD_15.1\tools\Layout_Plus\data\template.imp
Thu Nov 02 18:59:44 Loaded file C:\Cadence\PSD_15.1\tools\Layout_Plus\data\template.imp
Thu Nov 02 18:59:44 Error code 0037.464 (343)
Thu Nov 02 18:59:44 Saved as file Backup0.max
Thu Nov 02 18:59:44 Windows which were open at time of error:
Thu Nov 02 18:59:44 	ActiveWindow: &Components
Thu Nov 02 18:59:44 	Child: &Design
Thu Nov 02 18:59:44 	Icon: &Nets
Thu Nov 02 18:59:44 	Icon: Post Proces&s
Thu Nov 02 18:59:44 End-of-list
Thu Nov 02 18:59:45 Loaded file BACKUP0.MAX
Thu Nov 02 19:00:31 Loaded file C:\Cadence\PSD_15.1\tools\Layout_Plus\data\template.imp
Thu Nov 02 19:00:31 Loaded file C:\Cadence\PSD_15.1\tools\Layout_Plus\data\template.imp
Thu Nov 02 19:00:32 Error code 0037.464 (343)
Thu Nov 02 19:00:32 Saved as file Backup0.max
Thu Nov 02 19:00:32 Windows which were open at time of error:
Thu Nov 02 19:00:32 	ActiveWindow: &Components
Thu Nov 02 19:00:32 	Child: &Design
Thu Nov 02 19:00:32 	Icon: &Nets
Thu Nov 02 19:00:32 	Icon: Post Proces&s
Thu Nov 02 19:00:32 End-of-list
Thu Nov 02 19:00:32 Loaded file BACKUP0.MAX
Thu Nov 02 19:23:39 Saved as file BACKUP1.MAX
Thu Nov 02 20:48:03 Loaded file C:\Cadence\PSD_15.1\tools\Layout_Plus\data\template.imp
Thu Nov 02 20:48:03 Loaded file C:\Cadence\PSD_15.1\tools\Layout_Plus\data\template.imp
Thu Nov 02 20:48:03 Loaded file C:\Cadence\PSD_15.1\tools\Layout_Plus\data\template.imp
Thu Nov 02 20:48:03 Loaded file C:\Cadence\PSD_15.1\tools\Layout_Plus\data\template.imp
Thu Nov 02 20:48:04 Loaded file C:\Cadence\PSD_15.1\tools\Layout_Plus\data\template.imp
Thu Nov 02 20:48:05 Loaded file C:\Cadence\PSD_15.1\tools\Layout_Plus\data\template.imp
Thu Nov 02 20:48:49 Loaded file C:\Cadence\PSD_15.1\tools\Layout_Plus\data\template.imp
Thu Nov 02 20:48:49 Loaded file C:\Cadence\PSD_15.1\tools\Layout_Plus\data\template.imp
Thu Nov 02 20:48:49 Loaded file C:\Cadence\PSD_15.1\tools\Layout_Plus\data\template.imp
Thu Nov 02 20:48:49 Loaded file C:\Cadence\PSD_15.1\tools\Layout_Plus\data\template.imp
Thu Nov 02 20:48:52 Loaded file T:\ORCAD_LIB\F_BCON100T.LLB
Thu Nov 02 20:49:01 Loaded file C:\Cadence\PSD_15.1\tools\Layout_Plus\data\template.imp
Thu Nov 02 20:49:46 Saved as file ~undo.max
Thu Nov 02 20:52:14 Saved as file ~undo.max
Thu Nov 02 20:52:45 Saved as file ~undo.max
Thu Nov 02 20:52:53 Saved as file ~undo.max
Thu Nov 02 20:52:59 Saved as file ~undo.max
Thu Nov 02 20:53:25 Saved as file ~undo.max
Thu Nov 02 20:53:38 Saved as file ~undo.max
Thu Nov 02 20:53:42 Saved as file ~undo.max
Thu Nov 02 20:53:52 Saved as file ~undo.max
Thu Nov 02 20:54:08 Saved as file ~undo.max
Thu Nov 02 20:56:52 Loaded file C:\Cadence\PSD_15.1\tools\Layout_Plus\data\template.imp
Thu Nov 02 20:56:52 Loaded file C:\Cadence\PSD_15.1\tools\Layout_Plus\data\template.imp
Thu Nov 02 20:56:53 Loaded file C:\Cadence\PSD_15.1\tools\Layout_Plus\data\template.imp
Thu Nov 02 20:56:53 Loaded file C:\Cadence\PSD_15.1\tools\Layout_Plus\data\template.imp
Thu Nov 02 20:56:54 Loaded file T:\ORCAD_LIB\P_PADSTACK.LLB
Thu Nov 02 20:56:54 Loaded file T:\ORCAD_LIB\F_BCON100T.LLB
Thu Nov 02 20:57:05 Loaded file C:\Cadence\PSD_15.1\tools\Layout_Plus\data\template.imp
Thu Nov 02 20:57:20 Saved as file ~undo.max
Thu Nov 02 20:57:22 Saved as file C:\DOCUMENTS AND SETTINGS\ANNAD\DESKTOP\H34MOTE\H34MOTE\H34MOTE15.MAX
Thu Nov 02 20:58:52 Loaded file C:\Cadence\PSD_15.1\tools\Layout_Plus\data\template.imp
Thu Nov 02 20:58:52 Loaded file C:\Cadence\PSD_15.1\tools\Layout_Plus\data\template.imp
Thu Nov 02 20:58:52 Loaded file C:\Cadence\PSD_15.1\tools\Layout_Plus\data\template.imp
Thu Nov 02 20:58:52 Loaded file C:\Cadence\PSD_15.1\tools\Layout_Plus\data\template.imp
Thu Nov 02 20:58:53 Loaded file C:\Cadence\PSD_15.1\tools\Layout_Plus\data\template.imp
Thu Nov 02 20:58:54 Loaded file C:\Cadence\PSD_15.1\tools\Layout_Plus\data\template.imp
Thu Nov 02 20:58:54 Loaded file C:\Cadence\PSD_15.1\tools\Layout_Plus\data\template.imp
Thu Nov 02 20:59:21 Loaded file C:\Cadence\PSD_15.1\tools\Layout_Plus\data\template.imp
Thu Nov 02 20:59:21 Loaded file C:\Cadence\PSD_15.1\tools\Layout_Plus\data\template.imp
Thu Nov 02 20:59:21 Loaded file C:\Cadence\PSD_15.1\tools\Layout_Plus\data\template.imp
Thu Nov 02 20:59:21 Loaded file C:\Cadence\PSD_15.1\tools\Layout_Plus\data\template.imp
Thu Nov 02 20:59:22 Loaded file C:\Cadence\PSD_15.1\tools\Layout_Plus\data\template.imp
Thu Nov 02 20:59:22 Loaded file C:\Cadence\PSD_15.1\tools\Layout_Plus\data\template.imp
Thu Nov 02 20:59:26 Loaded file T:\ORCAD_LIB\G_JFOOTPRINTS.LLB
Thu Nov 02 20:59:27 Loaded file T:\ORCAD_LIB\G_JMETRIC.LLB
Thu Nov 02 20:59:28 Loaded file T:\ORCAD_LIB\G_JFOOTPRINTS.LLB
Thu Nov 02 20:59:34 Loaded file C:\Cadence\PSD_15.1\tools\Layout_Plus\data\template.imp
Thu Nov 02 20:59:43 Saved as file C:\DOCUMENTS AND SETTINGS\ANNAD\DESKTOP\H34MOTE\H34MOTE\H34MOTE15.MAX
Thu Nov 02 21:01:05 Saved as file C:\DOCUMENTS AND SETTINGS\ANNAD\DESKTOP\H34MOTE\H34MOTE\H34MOTE15.MAX
Thu Nov 02 21:01:19 Saved as file C:\DOCUMENTS AND SETTINGS\ANNAD\DESKTOP\H34MOTE\H34MOTE\H34MOTE15.MAX
Thu Nov 02 21:01:35 Saved as file ~undo.max
Thu Nov 02 21:01:44 Saved as file ~undo.max
Thu Nov 02 21:01:53 Saved as file ~undo.max
Thu Nov 02 21:02:12 Saved as file ~undo.max
Thu Nov 02 21:02:27 Saved as file ~undo.max
Thu Nov 02 21:03:08 Saved as file ~undo.max
Thu Nov 02 21:03:19 Saved as file ~undo.max
Thu Nov 02 21:03:35 Saved as file ~undo.max
Thu Nov 02 21:03:55 Loaded file C:\Cadence\PSD_15.1\tools\Layout_Plus\data\template.imp
Thu Nov 02 21:03:55 Loaded file C:\Cadence\PSD_15.1\tools\Layout_Plus\data\template.imp
Thu Nov 02 21:04:18 Saved as file ~undo.max
Thu Nov 02 21:04:33 Saved as file ~undo.max
Thu Nov 02 21:05:01 Saved as file ~undo.max
Thu Nov 02 21:05:41 Saved as file ~undo.max
Thu Nov 02 21:05:51 Saved as file ~undo.max
Thu Nov 02 21:05:56 Saved as file ~undo.max
Thu Nov 02 21:07:21 Saved as file ~undo.max
Thu Nov 02 21:07:44 Saved as file C:\DOCUMENTS AND SETTINGS\ANNAD\DESKTOP\H34MOTE\H34MOTE\H34MOTE15.MAX
Thu Nov 02 21:08:09 Saved as file ~undo.max
Thu Nov 02 21:08:46 Saved as file ~undo.max
Thu Nov 02 21:08:56 Saved as file C:\DOCUMENTS AND SETTINGS\ANNAD\DESKTOP\H34MOTE\H34MOTE\H34MOTE15.MAX
Thu Nov 02 21:08:57 Saved as file ~undo.max
Thu Nov 02 21:09:19 Saved as file ~undo.max
Thu Nov 02 21:09:36 Saved as file ~undo.max
Fri Nov 03 19:17:38 Saved as file ~undo.max
Fri Nov 03 19:17:41 Saved as file ~undo.max
Fri Nov 03 19:18:44 Saved as file ~undo.max
Fri Nov 03 19:20:14 Saved as file ~undo.max
Fri Nov 03 19:20:21 Saved as file ~undo.max
Fri Nov 03 19:20:40 Saved as file ~undo.max
Fri Nov 03 19:20:49 Saved as file ~undo.max
Fri Nov 03 19:20:51 Saved as file ~undo.max
Fri Nov 03 19:21:28 Saved as file ~undo.max
Fri Nov 03 19:22:18 Saved as file ~undo.max
Fri Nov 03 19:23:59 Saved as file ~undo.max
Fri Nov 03 19:25:38 Saved as file ~undo.max
Fri Nov 03 19:25:59 Saved as file ~undo.max
Fri Nov 03 19:27:18 Saved as file BACKUP1.MAX
Fri Nov 03 19:27:29 Saved as file ~undo.max
Fri Nov 03 19:27:40 Saved as file ~undo.max
Fri Nov 03 19:27:49 Saved as file ~undo.max
Fri Nov 03 19:28:26 Saved as file ~undo.max
Fri Nov 03 19:28:52 Saved as file ~undo.max
Fri Nov 03 19:29:30 Saved as file ~undo.max
Fri Nov 03 19:29:46 Saved as file ~undo.max
Fri Nov 03 19:29:53 Saved as file ~undo.max
Fri Nov 03 19:30:01 Saved as file ~undo.max
Fri Nov 03 19:30:08 Saved as file ~undo.max
Fri Nov 03 19:37:47 Saved as file BACKUP1.MAX
Fri Nov 03 19:38:01 Saved as file ~undo.max
Fri Nov 03 19:39:32 Saved as file ~undo.max
Fri Nov 03 19:40:14 Saved as file ~undo.max
Fri Nov 03 19:40:19 Saved as file ~undo.max
Fri Nov 03 19:41:28 Saved as file ~undo.max
Fri Nov 03 19:42:04 Saved as file ~undo.max
Fri Nov 03 19:42:21 Saved as file C:\DOCUMENTS AND SETTINGS\ANNAD\DESKTOP\H34MOTE\H34MOTE\H34MOTE15.MAX
Fri Nov 03 19:44:04 Saved as file ~undo.max
Fri Nov 03 19:44:16 Saved as file ~undo.max
Fri Nov 03 19:44:22 Saved as file ~undo.max
Fri Nov 03 19:44:28 Saved as file ~undo.max
Fri Nov 03 19:44:34 Saved as file ~undo.max
Fri Nov 03 19:44:45 Saved as file C:\DOCUMENTS AND SETTINGS\ANNAD\DESKTOP\H34MOTE\H34MOTE\H34MOTE15.MAX
Fri Nov 03 19:45:23 Saved as file ~undo.max
Fri Nov 03 19:45:40 Saved as file ~undo.max
Fri Nov 03 19:46:01 Saved as file ~undo.max
Fri Nov 03 19:46:12 Saved as file ~undo.max
Fri Nov 03 19:46:23 Saved as file ~undo.max
Fri Nov 03 19:46:32 Saved as file ~undo.max
Fri Nov 03 19:46:40 Saved as file ~undo.max
Fri Nov 03 19:46:54 Saved as file ~undo.max
Fri Nov 03 19:47:10 Saved as file ~undo.max
Fri Nov 03 19:47:19 Saved as file ~undo.max
Fri Nov 03 19:47:22 Saved as file ~undo.max
Fri Nov 03 19:47:28 Saved as file ~undo.max
Fri Nov 03 19:47:50 Saved as file ~undo.max
Fri Nov 03 19:48:00 Saved as file ~undo.max
Fri Nov 03 19:48:47 Saved as file BACKUP1.MAX
Fri Nov 03 19:49:15 Saved as file ~undo.max
Fri Nov 03 19:49:52 Saved as file ~undo.max
Fri Nov 03 19:50:13 Saved as file ~undo.max
Fri Nov 03 19:50:31 Saved as file ~undo.max
Fri Nov 03 19:50:59 Saved as file ~undo.max
Fri Nov 03 19:51:08 Saved as file ~undo.max
Fri Nov 03 19:51:40 Saved as file ~undo.max
Fri Nov 03 19:52:02 Saved as file ~undo.max
Fri Nov 03 19:52:30 Saved as file ~undo.max
Fri Nov 03 19:52:37 Saved as file ~undo.max
Fri Nov 03 19:54:06 Saved as file ~undo.max
Fri Nov 03 19:54:59 Saved as file C:\DOCUMENTS AND SETTINGS\ANNAD\DESKTOP\H34MOTE\H34MOTE\H34MOTE15.MAX
Fri Nov 03 19:55:15 Saved as file C:\DOCUMENTS AND SETTINGS\ANNAD\DESKTOP\H34MOTE\H34MOTE\H34MOTE15.MAX
Fri Nov 03 19:55:58 Saved as file C:\DOCUMENTS AND SETTINGS\ANNAD\DESKTOP\H34MOTE\H34MOTE\H34MOTE15.MAX
Fri Nov 03 19:56:30 Saved as file C:\DOCUMENTS AND SETTINGS\ANNAD\DESKTOP\H34MOTE\H34MOTE\H34MOTE15.MAX
Tue Nov 07 17:57:30 Saved as file BACKUP1.MAX
Tue Nov 07 18:08:00 Saved as file BACKUP1.MAX
Tue Nov 07 18:17:20 Saved as file ~undo.max
Tue Nov 07 18:17:59 Saved as file ~undo.max
Tue Nov 07 18:18:20 Saved as file ~undo.max
Tue Nov 07 18:18:30 Saved as file BACKUP1.MAX
Tue Nov 07 18:23:40 Saved as file ~undo.max
Tue Nov 07 18:29:00 Saved as file BACKUP1.MAX
Tue Nov 07 18:39:30 Saved as file BACKUP1.MAX
Tue Nov 07 18:50:00 Saved as file BACKUP1.MAX
Tue Nov 07 19:00:30 Saved as file BACKUP1.MAX
Tue Nov 07 19:11:00 Saved as file BACKUP1.MAX
Tue Nov 07 19:21:30 Saved as file BACKUP1.MAX
Tue Nov 07 19:32:00 Saved as file BACKUP1.MAX
Tue Nov 07 19:42:00 Saved as file BACKUP1.MAX
Tue Nov 07 19:52:30 Saved as file BACKUP1.MAX
Tue Nov 07 20:03:00 Saved as file BACKUP1.MAX
Tue Nov 07 20:13:30 Saved as file BACKUP1.MAX
Tue Nov 07 20:24:00 Saved as file BACKUP1.MAX
Tue Nov 07 20:34:30 Saved as file BACKUP1.MAX
Tue Nov 07 20:45:00 Saved as file BACKUP1.MAX
Tue Nov 07 20:55:30 Saved as file BACKUP1.MAX
Tue Nov 07 21:06:00 Saved as file BACKUP1.MAX
Tue Nov 07 21:07:39 Saved as file C:\DOCUMENTS AND SETTINGS\ANNAD\DESKTOP\H34MOTE\H34MOTE\H34MOTE15.MAX
Tue Nov 07 21:16:30 Saved as file BACKUP1.MAX
Tue Nov 07 21:27:00 Saved as file BACKUP1.MAX
Tue Nov 07 21:37:30 Saved as file BACKUP1.MAX
Tue Nov 07 21:48:00 Saved as file BACKUP1.MAX
Tue Nov 07 21:48:19 Error code 0034.912 (266)
Tue Nov 07 21:48:19 Saved as file Backup0.max
Tue Nov 07 21:48:19 Windows which were open at time of error:
Tue Nov 07 21:48:19 	ActiveWindow: &Design
Tue Nov 07 21:48:19 	Icon: &Components
Tue Nov 07 21:48:19 	Icon: Post Proces&s
Tue Nov 07 21:48:19 	Icon: &Nets
Tue Nov 07 21:48:19 End-of-list
Tue Nov 07 21:48:21 Error code 0034.912 (266)
Sat Nov 18 16:28:02 Saved as file BACKUP1.MAX
Sat Nov 18 16:38:32 Saved as file BACKUP1.MAX
Sat Nov 18 16:49:02 Saved as file BACKUP1.MAX
Sat Nov 18 16:59:32 Saved as file BACKUP1.MAX
Sat Nov 18 17:07:23 Error code 0034.912 (266)
Sat Nov 18 17:07:23 Saved as file Backup0.max
Sat Nov 18 17:07:23 Windows which were open at time of error:
Sat Nov 18 17:07:23 	ActiveWindow: &Design
Sat Nov 18 17:07:23 	Icon: &Components
Sat Nov 18 17:07:23 	Icon: &Nets
Sat Nov 18 17:07:23 	Icon: Post Proces&s
Sat Nov 18 17:07:23 End-of-list
Sat Nov 18 17:07:25 Error code 0034.912 (266)
Sun Nov 19 15:19:02 Saved as file ~undo.max
Sun Nov 19 15:25:10 Saved as file ~undo.max
Sun Nov 19 15:25:18 Saved as file ~undo.max
Sun Nov 19 15:25:25 Saved as file ~undo.max
Sun Nov 19 15:25:30 Saved as file ~undo.max
Sun Nov 19 15:25:42 Saved as file ~undo.max
Sun Nov 19 15:25:47 Saved as file ~undo.max
Sun Nov 19 15:26:03 Saved as file C:\DOCUMENTS AND SETTINGS\ANNAD\DESKTOP\H34MOTE\H34MOTE\H34MOTE15.MAX
Sun Nov 19 15:26:04 Saved as file C:\DOCUMENTS AND SETTINGS\ANNAD\DESKTOP\H34MOTE\H34MOTE\H34MOTE15.MAX
Sun Nov 19 15:26:47 Saved as file ~undo.max
Sun Nov 19 15:27:06 Saved as file ~undo.max
Sun Nov 19 15:27:17 Saved as file ~undo.max
Sun Nov 19 15:27:30 Saved as file ~undo.max
Sun Nov 19 15:28:17 Saved as file ~undo.max
Sun Nov 19 15:28:23 Saved as file C:\DOCUMENTS AND SETTINGS\ANNAD\DESKTOP\H34MOTE\H34MOTE\H34MOTE15.MAX
Sun Nov 19 15:28:45 Saved as file ~undo.max
Sun Nov 19 15:29:11 Saved as file BACKUP1.MAX
Sun Nov 19 15:29:12 Saved as file ~undo.max
Sun Nov 19 15:29:21 Saved as file ~undo.max
Sun Nov 19 15:30:04 Saved as file ~undo.max
Sun Nov 19 15:30:15 Saved as file C:\DOCUMENTS AND SETTINGS\ANNAD\DESKTOP\H34MOTE\H34MOTE\H34MOTE15.MAX
Sun Nov 19 15:31:45 Saved as file ~undo.max
Sun Nov 19 15:32:13 Saved as file ~undo.max
Sun Nov 19 15:32:19 Saved as file ~undo.max
Sun Nov 19 15:34:21 Saved as file ~undo.max
Sun Nov 19 15:34:32 Saved as file C:\DOCUMENTS AND SETTINGS\ANNAD\DESKTOP\H34MOTE\H34MOTE\H34MOTE15.MAX
Sun Nov 19 15:34:41 Saved as file C:\DOCUMENTS AND SETTINGS\ANNAD\DESKTOP\H34MOTE\H34MOTE\H34MOTE15.MAX
Sun Nov 19 15:35:47 Saved as file C:\DOCUMENTS AND SETTINGS\ANNAD\DESKTOP\H34MOTE\H34MOTE\H34MOTE15.MAX
Sun Nov 19 15:36:06 Saved as file ~undo.max
Sun Nov 19 15:36:23 Saved as file ~undo.max
Sun Nov 19 15:36:56 Saved as file ~undo.max
Sun Nov 19 15:36:59 Saved as file C:\DOCUMENTS AND SETTINGS\ANNAD\DESKTOP\H34MOTE\H34MOTE\H34MOTE15.MAX
Sun Nov 19 15:38:53 Saved as file ~undo.max
Sun Nov 19 15:39:29 Saved as file ~undo.max
Sun Nov 19 15:50:54 Saved as file BACKUP1.MAX
Sun Nov 19 16:01:24 Saved as file BACKUP1.MAX
Sun Nov 19 16:11:10 Error code 0034.912 (266)
Sun Nov 19 16:11:10 Saved as file Backup0.max
Sun Nov 19 16:11:10 Windows which were open at time of error:
Sun Nov 19 16:11:10 	ActiveWindow: &Route
Sun Nov 19 16:11:10 	Icon: &Components
Sun Nov 19 16:11:10 	Icon: &Nets
Sun Nov 19 16:11:10 	Icon: Post Proces&s
Sun Nov 19 16:11:10 End-of-list
Sun Nov 19 16:11:12 Error code 0034.912 (266)
Fri Dec 08 10:32:07 Saved as file ~undo.max
Fri Dec 08 10:41:51 Saved as file BACKUP1.MAX
Fri Dec 08 10:52:20 Saved as file BACKUP1.MAX
Fri Dec 08 11:02:50 Saved as file BACKUP1.MAX
Fri Dec 08 11:13:20 Saved as file BACKUP1.MAX
Fri Dec 08 11:23:50 Saved as file BACKUP1.MAX
Fri Dec 08 11:34:20 Saved as file BACKUP1.MAX
